[LOG] System::create                           : Header version = 1.07.06. Current version = 1.07.06.
[LOG] SystemI::init                            : FMOD Studio Version: 00010706 (71893)
[LOG] SystemI::init                            : maxchannels = 256, flags = 00020000, extradriverdata = 0000000000000000
[LOG] SystemI::close                           : 
[LOG] SystemI::close                           : Stop all sounds
[LOG] SystemI::close                           : Remove miscllaneous DSP stuff.
[LOG] SystemI::close                           : done.

[LOG] OutputWASAPI::init                       : Mix Format (WAVEFORMATEX): wFormatTag=0xFFFE, nChannels=2, nSamplesPerSec=48000, nAvgBytesPerSec=384000, nBlockAlign=8, wBitsPerSample=32, cbSize=22.
[LOG] OutputWASAPI::init                       : Mix Format (WAVEFORMATEXTENSIBLE): wValidBitsPerSample=32, dwChannelMask=0x00000003, SubFormat=00000003-0000-0010-8000-00AA00389B71.
[LOG] Thread::initThread                       : Initializing FMOD (WASAPI) feeder thread.  priority 0
[LOG] Thread::initThread                       : - Stacksize 0.  Stack pointer 0000000000000000 : usesemaphore = 0 : sleeptime = 0
[LOG] Thread::callback                         : * FMOD (WASAPI) feeder thread started
[LOG] Thread::initThread                       : Initializing FMOD mixer thread.  priority 2
[LOG] OutputWASAPI::feederUpdate               : WASAPI feeder thread set to 'Audio' characteristic
[LOG] Thread::initThread                       : - Stacksize 49152.  Stack pointer 0000000000000000 : usesemaphore = 1 : sleeptime = 0
[LOG] Thread::callback                         : * FMOD mixer thread started
[LOG] SystemI::init                            : Set up emulated output
[LOG] SystemI::init                            : create the channel pool
[LOG] SystemI::init                            : Set up streamer
[LOG] Thread::initThread                       : Initializing FMOD stream thread.  priority 2
[LOG] Thread::initThread                       : - Stacksize 65536.  Stack pointer 0000000000000000 : usesemaphore = 0 : sleeptime = 10
[LOG] Thread::callback                         : * FMOD stream thread started
[LOG] Thread::initThread                       : Initializing FMOD Studio load thread.  priority 0
[LOG] Thread::initThread                       : - Stacksize 65536.  Stack pointer 0000000000000000 : usesemaphore = 0 : sleeptime = 1
[LOG] Thread::callback                         : * FMOD Studio load thread started
[LOG] Manager::readBank                        : fileversion = 68, compatVersion = 68 (oldest = 44, newest = 68)
[LOG] Manager::readBank                        : fileversion = 68, compatVersion = 68 (oldest = 44, newest = 68)
[LOG] Manager::finishLoadBank                  : Bank with guid {1a872615-d9b7-4083-abec-528eb81b0ba2} has already been loaded[LOG] SystemI::createSound                     : filename = C:\Users\Student\Google Drive\Grotman GGJ16\Audio\Build\Desktop\Master Bank.bank : mode 0a010202
[LOG] SystemI::createSound                     : FMOD_NONBLOCKING specified.  Putting into queue to be opened asynchronously!
[LOG] OutputSoftware::createSample             : lengthpcm 0, lengthbytes 0, channels 0, format 0, freq 0, mode 00000000
[LOG] Thread::initThread                       : Initializing FMOD nonblocking thread (0).  priority 1
[LOG] Thread::initThread                       : - Stacksize 81920.  Stack pointer 0000000000000000 : usesemaphore = 1 : sleeptime = 0
[LOG] Thread::callback                         : * FMOD nonblocking thread (0) started
[LOG] SystemI::createSound                     : setdata soundi = 000000002824F988 : node = 000000002A8464F0
[LOG] SystemI::createSound                     : add node to async list : head = 00000000204BD4E0.  list count = 0
[LOG] SystemI::createSound                     : filename = C:\Users\Student\Google Drive\Grotman GGJ16\Audio\Build\Desktop\Master Bank.bank : mode 0a010202
[LOG] SystemI::createSound                     :     FMOD_NONBLOCKING specified.  Putting into queue to be opened asynchronously!
[LOG] SystemI::createSoundInternal             :     filename = C:\Users\Student\Google Drive\Grotman GGJ16\Audio\Build\Desktop\Master Bank.bank : mode 0a010202
[LOG] OutputSoftware::createSample             :     lengthpcm 0, lengthbytes 0, channels 0, format 0, freq 0, mode 00000000
[LOG] SystemI::createSoundInternal             :     exinfo->length             = 17116800
[LOG] SystemI::createSound                     :     setdata soundi = 000000002824FB18 : node = 000000002A846EF0
[LOG] SystemI::createSoundInternal             :     exinfo->fileoffset         = 67360
[LOG] SystemI::createSound                     :     add node to async list : head = 00000000204BD4E0.  list count = 0
[LOG] SystemI::createSoundInternal             :     exinfo->numsubsounds       = 1
[LOG] SystemI::createSound                     :     filename = C:\Users\Student\Google Drive\Grotman GGJ16\Audio\Build\Desktop\Master Bank.bank : mode 0a010202
[LOG] SystemI::createSoundInternal             :     exinfo->inclusionlist      = 000000002A8465F8
[LOG] SystemI::createSoundInternal             :     exinfo->inclusionlistnum   = 1
[LOG] SystemI::createSound                     :     FMOD_NONBLOCKING specified.  Putting into queue to be opened asynchronously!
[LOG] SystemI::createSoundInternal             :     exinfo->suggestedsoundtype = 5
[LOG] OutputSoftware::createSample             :     lengthpcm 0, lengthbytes 0, channels 0, format 0, freq 0, mode 00000000
[LOG] SystemI::createSoundInternal             :     exinfo->initialseekpostype = 1
[LOG] SystemI::createSound                     :     setdata soundi = 000000002824FCA8 : node = 000000002A846DB0
[LOG] SystemI::createSound                     :     add node to async list : head = 00000000204BD4E0.  list count = 1
[LOG] SystemI::createSound                     :     filename = C:\Users\Student\Google Drive\Grotman GGJ16\Audio\Build\Desktop\Master Bank.bank : mode 0a010202
[LOG] SystemI::createSound                     :     FMOD_NONBLOCKING specified.  Putting into queue to be opened asynchronously!
[LOG] OutputSoftware::createSample             :     lengthpcm 0, lengthbytes 0, channels 0, format 0, freq 0, mode 00000000
[LOG] SystemI::createSound                     :     setdata soundi = 000000002824FE38 : node = 000000002A846C70
[LOG] SystemI::createSoundInternal             :     Format has 1 subsounds.
[LOG] SystemI::createSound                     :     add node to async list : head = 00000000204BD4E0.  list count = 2
[LOG] SystemI::createSoundInternal             :     Create as FMOD_CREATESAMPLE
[LOG] SystemI::createSound                     :     filename = C:\Users\Student\Google Drive\Grotman GGJ16\Audio\Build\Desktop\Master Bank.bank : mode 0a010202
[LOG] SystemI::createSoundInternal             :     Multi-sample sound (1 subsounds), create a sample container.
[LOG] SystemI::createSound                     :     FMOD_NONBLOCKING specified.  Putting into queue to be opened asynchronously!
[LOG] SystemI::createSoundInternal             :     creating subsound 0/1
[LOG] SystemI::createSample                    :     mode 0a010202 length 61195 samples, lengthbytes 89184
[LOG] OutputSoftware::createSample             :     lengthpcm 0, lengthbytes 0, channels 0, format 0, freq 0, mode 00000000
[LOG] SystemI::createSample                    :     channels = 2
[LOG] SystemI::createSound                     :     setdata soundi = 000000002824FFC8 : node = 000000002A846B30
[LOG] SystemI::createSample                    :     output = 000000002824F668
[LOG] SystemI::createSound                     :     add node to async list : head = 00000000204BD4E0.  list count = 3
[LOG] OutputSoftware::createSample             :     lengthpcm 61195, lengthbytes 89184, channels 2, format 2, freq 48000, mode 0a01020a
[LOG] SystemI::createSound                     :     filename = C:\Users\Student\Google Drive\Grotman GGJ16\Audio\Build\Desktop\Master Bank.bank : mode 0a010202
[LOG] SystemI::createSoundInternal             :     done.  OpenState now = FMOD_OPENSTATE_READY.

[LOG] SystemI::createSound                     :     FMOD_NONBLOCKING specified.  Putting into queue to be opened asynchronously!
[LOG] AsyncThread::threadFunc                  : Finished Asynchronous operation on sound 000000002824F988
[LOG] OutputSoftware::createSample             : lengthpcm 0, lengthbytes 0, channels 0, format 0, freq 0, mode 00000000
[LOG] AsyncThread::threadFunc                  : Starting Asynchronous operation on sound 000000002824FB18
[LOG] SystemI::createSound                     : setdata soundi = 0000000021EB7848 : node = 000000002A8469F0
[LOG] SystemI::createSoundInternal             :     filename = C:\Users\Student\Google Drive\Grotman GGJ16\Audio\Build\Desktop\Master Bank.bank : mode 0a010202
[LOG] SystemI::createSound                     :     add node to async list : head = 00000000204BD4E0.  list count = 3
[LOG] SystemI::createSoundInternal             :     exinfo->cbsize             = 216
[LOG] SystemI::createSoundInternal             :     exinfo->length             = 17116800
[LOG] SystemI::createSoundInternal             :     exinfo->fileoffset         = 67360
[LOG] SystemI::createSoundInternal             :     exinfo->numsubsounds       = 1
[LOG] SystemI::createSoundInternal             :     exinfo->inclusionlist      = 000000002A846FF8
[LOG] SystemI::createSoundInternal             :     exinfo->inclusionlistnum   = 1
[LOG] SystemI::createSoundInternal             :     exinfo->suggestedsoundtype = 5
[LOG] SystemI::createSoundInternal             :     exinfo->initialseekpostype = 1
[LOG] SystemI::createSoundInternal             :     Format has 1 subsounds.
[LOG] SystemI::createSoundInternal             :     Create as FMOD_CREATESAMPLE
[LOG] SystemI::createSoundInternal             :     Multi-sample sound (1 subsounds), create a sample container.
[LOG] SystemI::createSoundInternal             :     creating subsound 0/1
[LOG] SystemI::createSample                    :     mode 0a010202 length 50961 samples, lengthbytes 80768
[LOG] SystemI::createSample                    :     channels = 2
[LOG] SystemI::createSample                    :     output = 000000002824F668
[LOG] OutputSoftware::createSample             :     lengthpcm 50961, lengthbytes 80768, channels 2, format 2, freq 48000, mode 0a01020a
[LOG] SystemI::createSoundInternal             :     done.  OpenState now = FMOD_OPENSTATE_READY.

[LOG] AsyncThread::threadFunc                  : Finished Asynchronous operation on sound 000000002824FB18
[LOG] AsyncThread::threadFunc                  : Starting Asynchronous operation on sound 000000002824FCA8
[LOG] SystemI::createSoundInternal             :     filename = C:\Users\Student\Google Drive\Grotman GGJ16\Audio\Build\Desktop\Master Bank.bank : mode 0a010202
[LOG] SystemI::createSoundInternal             :     exinfo->cbsize             = 216
[LOG] SystemI::createSoundInternal             :     exinfo->length             = 17116800
[LOG] SystemI::createSoundInternal             :     exinfo->fileoffset         = 67360
[LOG] SystemI::createSoundInternal             :     exinfo->numsubsounds       = 1
[LOG] SystemI::createSoundInternal             :     exinfo->inclusionlist      = 000000002A846EB8
[LOG] SystemI::createSoundInternal             :     exinfo->inclusionlistnum   = 1
[LOG] SystemI::createSoundInternal             :     exinfo->suggestedsoundtype = 5
[LOG] SystemI::createSoundInternal             :     exinfo->initialseekpostype = 1
[LOG] SystemI::createSoundInternal             :     Format has 1 subsounds.
[LOG] SystemI::createSoundInternal             :     Create as FMOD_CREATESAMPLE
[LOG] SystemI::createSoundInternal             :     Multi-sample sound (1 subsounds), create a sample container.
[LOG] SystemI::createSoundInternal             :     creating subsound 0/1
[LOG] SystemI::createSample                    :     mode 0a010202 length 45530 samples, lengthbytes 70528
[LOG] SystemI::createSample                    :     channels = 2
[LOG] SystemI::createSample                    :     output = 000000002824F668
[LOG] OutputSoftware::createSample             :     lengthpcm 45530, lengthbytes 70528, channels 2, format 2, freq 48000, mode 0a01020a
[LOG] SystemI::createSoundInternal             :     done.  OpenState now = FMOD_OPENSTATE_READY.

[LOG] AsyncThread::threadFunc                  : Finished Asynchronous operation on sound 000000002824FCA8
[LOG] AsyncThread::threadFunc                  : Starting Asynchronous operation on sound 000000002824FE38
[LOG] SystemI::createSoundInternal             :     filename = C:\Users\Student\Google Drive\Grotman GGJ16\Audio\Build\Desktop\Master Bank.bank : mode 0a010202
[LOG] SystemI::createSoundInternal             :     exinfo->cbsize             = 216
[LOG] SystemI::createSoundInternal             :     exinfo->length             = 17116800
[LOG] SystemI::createSoundInternal             :     exinfo->fileoffset         = 67360
[LOG] SystemI::createSoundInternal             :     exinfo->numsubsounds       = 1
[LOG] SystemI::createSoundInternal             :     exinfo->inclusionlist      = 000000002A846D78
[LOG] SystemI::createSoundInternal             :     exinfo->inclusionlistnum   = 1
[LOG] SystemI::createSoundInternal             :     exinfo->suggestedsoundtype = 5
[LOG] SystemI::createSoundInternal             :     exinfo->initialseekpostype = 1
[LOG] SystemI::createSoundInternal             :     Format has 1 subsounds.
[LOG] SystemI::createSoundInternal             :     Create as FMOD_CREATESAMPLE
[LOG] SystemI::createSoundInternal             :     Multi-sample sound (1 subsounds), create a sample container.
[LOG] SystemI::createSoundInternal             :     creating subsound 0/1
[LOG] SystemI::createSample                    :     mode 0a010202 length 44784 samples, lengthbytes 62400
[LOG] SystemI::createSample                    :     channels = 2
[LOG] SystemI::createSample                    :     output = 000000002824F668
[LOG] OutputSoftware::createSample             :     lengthpcm 44784, lengthbytes 62400, channels 2, format 2, freq 48000, mode 0a01020a
[LOG] SystemI::createSoundInternal             :     done.  OpenState now = FMOD_OPENSTATE_READY.

[LOG] AsyncThread::threadFunc                  : Finished Asynchronous operation on sound 000000002824FE38
[LOG] AsyncThread::threadFunc                  : Starting Asynchronous operation on sound 000000002824FFC8
[LOG] SystemI::createSoundInternal             :     filename = C:\Users\Student\Google Drive\Grotman GGJ16\Audio\Build\Desktop\Master Bank.bank : mode 0a010202
[LOG] SystemI::createSoundInternal             :     exinfo->cbsize             = 216
[LOG] SystemI::createSoundInternal             :     exinfo->length             = 17116800
[LOG] SystemI::createSoundInternal             :     exinfo->fileoffset         = 67360
[LOG] SystemI::createSoundInternal             :     exinfo->numsubsounds       = 1
[LOG] SystemI::createSoundInternal             :     exinfo->inclusionlist      = 000000002A846C38
[LOG] SystemI::createSoundInternal             :     exinfo->inclusionlistnum   = 1
[LOG] SystemI::createSoundInternal             :     exinfo->suggestedsoundtype = 5
[LOG] SystemI::createSoundInternal             :     exinfo->initialseekpostype = 1
[LOG] SystemI::createSoundInternal             :     Format has 1 subsounds.
[LOG] SystemI::createSoundInternal             :     Create as FMOD_CREATESAMPLE
[LOG] SystemI::createSoundInternal             :     Multi-sample sound (1 subsounds), create a sample container.
[LOG] SystemI::createSoundInternal             :     creating subsound 0/1
[LOG] SystemI::createSample                    :     mode 0a010202 length 43747 samples, lengthbytes 58400
[LOG] SystemI::createSample                    :     channels = 2
[LOG] SystemI::createSample                    :     output = 000000002824F668
[LOG] OutputSoftware::createSample             :     lengthpcm 43747, lengthbytes 58400, channels 2, format 2, freq 48000, mode 0a01020a
[LOG] SystemI::createSoundInternal             :     done.  OpenState now = FMOD_OPENSTATE_READY.

[LOG] AsyncThread::threadFunc                  : Finished Asynchronous operation on sound 000000002824FFC8
[LOG] AsyncThread::threadFunc                  : Starting Asynchronous operation on sound 0000000021EB7848
[LOG] SystemI::createSoundInternal             :     filename = C:\Users\Student\Google Drive\Grotman GGJ16\Audio\Build\Desktop\Master Bank.bank : mode 0a010202
[LOG] SystemI::createSoundInternal             :     exinfo->cbsize             = 216
[LOG] SystemI::createSoundInternal             :     exinfo->length             = 17116800
[LOG] SystemI::createSoundInternal             :     exinfo->fileoffset         = 67360
[LOG] SystemI::createSoundInternal             :     exinfo->numsubsounds       = 1
[LOG] SystemI::createSoundInternal             :     exinfo->inclusionlist      = 000000002A846AF8
[LOG] SystemI::createSoundInternal             :     exinfo->inclusionlistnum   = 1
[LOG] SystemI::createSoundInternal             :     exinfo->suggestedsoundtype = 5
[LOG] SystemI::createSoundInternal             :     exinfo->initialseekpostype = 1
[LOG] SystemI::createSoundInternal             :     Format has 1 subsounds.
[LOG] SystemI::createSoundInternal             :     Create as FMOD_CREATESAMPLE
[LOG] SystemI::createSoundInternal             :     Multi-sample sound (1 subsounds), create a sample container.
[LOG] SystemI::createSoundInternal             :     creating subsound 0/1
[LOG] SystemI::createSample                    :     mode 0a010202 length 142566 samples, lengthbytes 162496
[LOG] SystemI::createSample                    :     channels = 2
[LOG] SystemI::createSample                    :     output = 000000002824F668
[LOG] OutputSoftware::createSample             :     lengthpcm 142566, lengthbytes 162496, channels 2, format 2, freq 48000, mode 0a01020a
[LOG] SystemI::createSoundInternal             :     done.  OpenState now = FMOD_OPENSTATE_READY.

[LOG] AsyncThread::threadFunc                  : Finished Asynchronous operation on sound 0000000021EB7848
[LOG] SoundI::release                          : (null) (000000002824F988)
[LOG] SoundI::release                          : release subsounds. (000000002824F988)
[LOG] SoundI::release                          :     (null) (0000000028250158)
[LOG] SoundI::release                          : release codec. (000000002824F988)
[LOG] SoundI::release                          : (null) (000000002824FB18)
[LOG] SoundI::release                          : release subsounds. (000000002824FB18)
[LOG] SoundI::release                          :     (null) (0000000021EB79D8)
[LOG] SoundI::release                          : release codec. (000000002824FB18)
[LOG] SoundI::release                          : (null) (000000002824FCA8)
[LOG] SoundI::release                          : release subsounds. (000000002824FCA8)
[LOG] SoundI::release                          :     (null) (0000000021EB7B68)
[LOG] SoundI::release                          : release codec. (000000002824FCA8)
[LOG] SoundI::release                          : (null) (000000002824FE38)
[LOG] SoundI::release                          : release subsounds. (000000002824FE38)
[LOG] SoundI::release                          :     (null) (0000000021EB7CF8)
[LOG] SoundI::release                          : release codec. (000000002824FE38)
[LOG] SoundI::release                          : (null) (000000002824FFC8)
[LOG] SoundI::release                          : release subsounds. (000000002824FFC8)
[LOG] SoundI::release                          :     (null) (0000000021EB7E88)
[LOG] SoundI::release                          : release codec. (000000002824FFC8)
[LOG] SoundI::release                          : (null) (0000000021EB7848)
[LOG] SoundI::release                          : release subsounds. (0000000021EB7848)
[LOG] SoundI::release                          :     (null) (0000000021EB8018)
[LOG] SoundI::release                          : release codec. (0000000021EB7848)
[LOG] Thread::callback                         : * FMOD Studio load thread finished
[LOG] Thread::close                            : FMOD Studio load thread thread destroyed
[LOG] LiveUpdate::release                      : 
[LOG] SystemI::close                           : 
[LOG] SystemI::close                           : Stop all sounds
[LOG] Thread::callback                         : * FMOD stream thread finished
[LOG] Thread::close                            : FMOD stream thread thread destroyed
[LOG] SystemI::close                           : Stream thread destroyed
[LOG] SystemI::close                           : Shut down output.
[LOG] Thread::callback                         : * FMOD (WASAPI) feeder thread finished
[LOG] Thread::close                            : FMOD (WASAPI) feeder thread thread destroyed
[LOG] Thread::callback                         : * FMOD mixer thread finished
[LOG] Thread::close                            : FMOD mixer thread thread destroyed
[LOG] SystemI::close                           : Free master channel group.
[LOG] SystemI::close                           : Remove 'master' sound group.
[LOG] SystemI::close                           : Free software output.
[LOG] SystemI::close                           : Free emulated output.
[LOG] SystemI::close                           : Free channel pool.
[LOG] SystemI::close                           : Remove miscllaneous DSP stuff.
[LOG] SystemI::close                           : done.

[LOG] System::create                           : Header version = 1.07.06. Current version = 1.07.06.
